WARNING: styles/compiled/growth-customized/generated-content.html rendered successfully, butdue to restrictions in rendering for a static environment, the rendered content is blank.
WARNING: styles/compiled/growth-customized/templates/generated-home.html rendered successfully, butdue to restrictions in rendering for a static environment, the rendered content is blank.
WARNING: styles/compiled/@marketplace/FastestThemes/Dark_free_Theme/templates/Internal-Page.html rendered successfully, butdue to restrictions in rendering for a static environment, the rendered content is blank.
WARNING: styles/compiled/@marketplace/FastestThemes/Dark_free_Theme/templates/Landing-Page.html rendered successfully, butdue to restrictions in rendering for a static environment, the rendered content is blank.
WARNING: styles/compiled/@marketplace/FastestThemes/Dark_free_Theme/templates/system/Subscription-Preference-Page.html rendered successfully, butdue to restrictions in rendering for a static environment, the rendered content is blank.
WARNING: styles/compiled/@marketplace/FastestThemes/Dark_free_Theme/templates/system/404-Page.html rendered successfully, butdue to restrictions in rendering for a static environment, the rendered content is blank.
WARNING: styles/compiled/@marketplace/FastestThemes/Dark_free_Theme/templates/system/Password-Prompt-Page.html rendered successfully, butdue to restrictions in rendering for a static environment, the rendered content is blank.
WARNING: styles/compiled/@marketplace/FastestThemes/Dark_free_Theme/templates/system/Search-Result-Page.html rendered successfully, butdue to restrictions in rendering for a static environment, the rendered content is blank.
WARNING: styles/compiled/@marketplace/FastestThemes/Dark_free_Theme/templates/About-Us-Page.html rendered successfully, butdue to restrictions in rendering for a static environment, the rendered content is blank.
WARNING: styles/compiled/@marketplace/FastestThemes/Dark_free_Theme/templates/partials/footer.html rendered successfully, butdue to restrictions in rendering for a static environment, the rendered content is blank.
WARNING: styles/compiled/@marketplace/FastestThemes/Dark_free_Theme/templates/layouts/base.html rendered successfully, butdue to restrictions in rendering for a static environment, the rendered content is blank.
WARNING: styles/compiled/@marketplace/FastestThemes/Dark_free_Theme/templates/partials/header.html rendered successfully, butdue to restrictions in rendering for a static environment, the rendered content is blank.
WARNING: styles/compiled/@marketplace/FastestThemes/Dark_free_Theme/templates/system/Password-Reset-Page.html rendered successfully, butdue to restrictions in rendering for a static environment, the rendered content is blank.
WARNING: styles/compiled/@marketplace/FastestThemes/Dark_free_Theme/templates/system/Subscription-Confirm-Page.html rendered successfully, butdue to restrictions in rendering for a static environment, the rendered content is blank.
WARNING: styles/compiled/@marketplace/FastestThemes/Dark_free_Theme/templates/system/Login-Page.html rendered successfully, butdue to restrictions in rendering for a static environment, the rendered content is blank.
WARNING: styles/compiled/@marketplace/FastestThemes/Dark_free_Theme/templates/Home-Page.html rendered successfully, butdue to restrictions in rendering for a static environment, the rendered content is blank.
WARNING: styles/compiled/@marketplace/FastestThemes/Dark_free_Theme/templates/partials/header-no-navigation.html rendered successfully, butdue to restrictions in rendering for a static environment, the rendered content is blank.
ERROR: styles/compiled/@marketplace/FastestThemes/Dark_free_Theme/css/tools/_macros.css could not berendered or exportedWARNING: styles/compiled/@marketplace/FastestThemes/Dark_free_Theme/templates/Contact-Us-Page.html rendered successfully, butdue to restrictions in rendering for a static environment, the rendered content is blank.
WARNING: styles/compiled/@marketplace/FastestThemes/Dark_free_Theme/templates/Plans-Page.html rendered successfully, butdue to restrictions in rendering for a static environment, the rendered content is blank.
WARNING: styles/compiled/@marketplace/FastestThemes/Dark_free_Theme/templates/system/Email-Unsubscribe-Page.html rendered successfully, butdue to restrictions in rendering for a static environment, the rendered content is blank.
WARNING: styles/compiled/@marketplace/FastestThemes/Dark_free_Theme/templates/system/500-Page.html rendered successfully, butdue to restrictions in rendering for a static environment, the rendered content is blank.
WARNING: styles/compiled/@marketplace/FastestThemes/Dark_free_Theme/templates/Blog-Listing.html rendered successfully, butdue to restrictions in rendering for a static environment, the rendered content is blank.
WARNING: styles/compiled/@marketplace/FastestThemes/Dark_free_Theme/templates/Blog-Post.html rendered successfully, butdue to restrictions in rendering for a static environment, the rendered content is blank.
WARNING: styles/compiled/@marketplace/FastestThemes/Dark_free_Theme/sections/Background-Image-Content.html rendered successfully, butdue to restrictions in rendering for a static environment, the rendered content is blank.
WARNING: styles/compiled/@marketplace/FastestThemes/Dark_free_Theme/sections/Video-Content.html rendered successfully, butdue to restrictions in rendering for a static environment, the rendered content is blank.
WARNING: styles/compiled/@marketplace/FastestThemes/Dark_free_Theme/sections/Testimonials.html rendered successfully, butdue to restrictions in rendering for a static environment, the rendered content is blank.
WARNING: styles/compiled/@marketplace/Sprocket_Rocket/sr-theme-free/templates/partials/site_footer.html rendered successfully, butdue to restrictions in rendering for a static environment, the rendered content is blank.
WARNING: styles/compiled/@marketplace/Sprocket_Rocket/sr-theme-free/templates/blogv2/partials/blog_tag.html rendered successfully, butdue to restrictions in rendering for a static environment, the rendered content is blank.
WARNING: styles/compiled/@marketplace/Sprocket_Rocket/sr-theme-free/templates/blogv2/partials/blog_footer.html rendered successfully, butdue to restrictions in rendering for a static environment, the rendered content is blank.
WARNING: styles/compiled/@marketplace/Sprocket_Rocket/sr-theme-free/templates/blogv2/partials/blog_all.html rendered successfully, butdue to restrictions in rendering for a static environment, the rendered content is blank.
WARNING: styles/compiled/@marketplace/Sprocket_Rocket/sr-theme-free/templates/blogv2/sr-blog-listing.html rendered successfully, butdue to restrictions in rendering for a static environment, the rendered content is blank.
WARNING: styles/compiled/@marketplace/Sprocket_Rocket/sr-theme-free/templates/SR Password.html rendered successfully, butdue to restrictions in rendering for a static environment, the rendered content is blank.
WARNING: styles/compiled/@marketplace/Sprocket_Rocket/sr-theme-free/templates/blog/partials/blog_author.html rendered successfully, butdue to restrictions in rendering for a static environment, the rendered content is blank.
WARNING: styles/compiled/@marketplace/Sprocket_Rocket/sr-theme-free/templates/blog/partials/blog_tag.html rendered successfully, butdue to restrictions in rendering for a static environment, the rendered content is blank.
WARNING: styles/compiled/@marketplace/Sprocket_Rocket/sr-theme-free/templates/sections/Proof Section.html rendered successfully, butdue to restrictions in rendering for a static environment, the rendered content is blank.
WARNING: styles/compiled/@marketplace/Sprocket_Rocket/sr-theme-free/templates/sections/Column Section.html rendered successfully, butdue to restrictions in rendering for a static environment, the rendered content is blank.
WARNING: styles/compiled/@marketplace/Sprocket_Rocket/sr-theme-free/templates/sections/Offer Section.html rendered successfully, butdue to restrictions in rendering for a static environment, the rendered content is blank.
WARNING: styles/compiled/@marketplace/Sprocket_Rocket/sr-theme-free/templates/dnd_page.html rendered successfully, butdue to restrictions in rendering for a static environment, the rendered content is blank.
WARNING: styles/compiled/@marketplace/Sprocket_Rocket/sr-theme-free/templates/SR Subscriptions Update Confirmation.html rendered successfully, butdue to restrictions in rendering for a static environment, the rendered content is blank.
WARNING: styles/compiled/@marketplace/Sprocket_Rocket/sr-theme-free/templates/SR Landing Page.html rendered successfully, butdue to restrictions in rendering for a static environment, the rendered content is blank.
WARNING: styles/compiled/@marketplace/Sprocket_Rocket/sr-theme-free/templates/footer-includes.html rendered successfully, butdue to restrictions in rendering for a static environment, the rendered content is blank.
WARNING: styles/compiled/@marketplace/Sprocket_Rocket/sr-theme-free/templates/macros.html rendered successfully, butdue to restrictions in rendering for a static environment, the rendered content is blank.
ERROR: styles/compiled/@marketplace/Sprocket_Rocket/sr-theme-free/css/custom-styles.css could not berendered or exportedWARNING: styles/compiled/@marketplace/Sprocket_Rocket/sr-theme-free/templates/partials/footer-includes.html rendered successfully, butdue to restrictions in rendering for a static environment, the rendered content is blank.
ERROR: styles/compiled/@marketplace/Sprocket_Rocket/sr-theme-free/css/_theme.css could not berendered or exportedERROR: styles/compiled/@marketplace/Sprocket_Rocket/sr-theme-free/css/_fonts.css could not berendered or exportedWARNING: styles/compiled/@marketplace/Sprocket_Rocket/sr-theme-free/templates/partials/site_header.html rendered successfully, butdue to restrictions in rendering for a static environment, the rendered content is blank.
WARNING: styles/compiled/@marketplace/Sprocket_Rocket/sr-theme-free/templates/partials/variables.html rendered successfully, butdue to restrictions in rendering for a static environment, the rendered content is blank.
WARNING: styles/compiled/@marketplace/Sprocket_Rocket/sr-theme-free/templates/partials/header.html rendered successfully, butdue to restrictions in rendering for a static environment, the rendered content is blank.
WARNING: styles/compiled/@marketplace/Sprocket_Rocket/sr-theme-free/templates/sections/Hero Section.html rendered successfully, butdue to restrictions in rendering for a static environment, the rendered content is blank.
WARNING: styles/compiled/@marketplace/Sprocket_Rocket/sr-theme-free/templates/SR Error 404.html rendered successfully, butdue to restrictions in rendering for a static environment, the rendered content is blank.
WARNING: styles/compiled/@marketplace/Sprocket_Rocket/sr-theme-free/templates/Sprocket_Rocket_Blog_Listing.html rendered successfully, butdue to restrictions in rendering for a static environment, the rendered content is blank.
WARNING: styles/compiled/@marketplace/Sprocket_Rocket/sr-theme-free/templates/SR Error 500.html rendered successfully, butdue to restrictions in rendering for a static environment, the rendered content is blank.
WARNING: styles/compiled/@marketplace/Sprocket_Rocket/sr-theme-free/templates/Sprocket_Rocket_Modules.html rendered successfully, butdue to restrictions in rendering for a static environment, the rendered content is blank.
WARNING: styles/compiled/@marketplace/Sprocket_Rocket/sr-theme-free/templates/variables.html rendered successfully, butdue to restrictions in rendering for a static environment, the rendered content is blank.
WARNING: styles/compiled/@marketplace/Sprocket_Rocket/sr-theme-free/templates/header.html rendered successfully, butdue to restrictions in rendering for a static environment, the rendered content is blank.
WARNING: styles/compiled/@marketplace/Sprocket_Rocket/sr-theme-free/templates/SR Search Results.html rendered successfully, butdue to restrictions in rendering for a static environment, the rendered content is blank.
WARNING: styles/compiled/@marketplace/Sprocket_Rocket/sr-theme-free/templates/SR Subscription Preferences.html rendered successfully, butdue to restrictions in rendering for a static environment, the rendered content is blank.
WARNING: styles/compiled/@marketplace/Sprocket_Rocket/sr-theme-free/templates/Sprocket_Rocket_Blog_Post.html rendered successfully, butdue to restrictions in rendering for a static environment, the rendered content is blank.
WARNING: styles/compiled/@marketplace/Sprocket_Rocket/sr-theme-free/templates/SR Backup Unsubscribe.html rendered successfully, butdue to restrictions in rendering for a static environment, the rendered content is blank.
WARNING: styles/compiled/@marketplace/Sprocket_Rocket/sr-theme-free/templates/blogv2/partials/blog_header.html rendered successfully, butdue to restrictions in rendering for a static environment, the rendered content is blank.
WARNING: styles/compiled/@marketplace/Sprocket_Rocket/sr-theme-free/templates/blogv2/partials/blog_author.html rendered successfully, butdue to restrictions in rendering for a static environment, the rendered content is blank.
WARNING: styles/compiled/@marketplace/Sprocket_Rocket/sr-theme-free/templates/blogv2/sr-blog-single.html rendered successfully, butdue to restrictions in rendering for a static environment, the rendered content is blank.
WARNING: styles/compiled/@marketplace/Sprocket_Rocket/sr-theme-free/templates/blog/partials/blog_header.html rendered successfully, butdue to restrictions in rendering for a static environment, the rendered content is blank.
WARNING: styles/compiled/@marketplace/Sprocket_Rocket/sr-theme-free/templates/blog/sr-blog-listing.html rendered successfully, butdue to restrictions in rendering for a static environment, the rendered content is blank.
WARNING: styles/compiled/@marketplace/Sprocket_Rocket/sr-theme-free/templates/blog/partials/blog_footer.html rendered successfully, butdue to restrictions in rendering for a static environment, the rendered content is blank.
WARNING: styles/compiled/@marketplace/Sprocket_Rocket/sr-theme-free/templates/blog/sr-blog-single.html rendered successfully, butdue to restrictions in rendering for a static environment, the rendered content is blank.
WARNING: styles/compiled/@marketplace/Sprocket_Rocket/sr-theme-free/templates/sections/Testimonial Section.html rendered successfully, butdue to restrictions in rendering for a static environment, the rendered content is blank.
WARNING: styles/compiled/@marketplace/Sprocket_Rocket/sr-theme-free/templates/Sprocket_Rocket_Landing_Page.html rendered successfully, butdue to restrictions in rendering for a static environment, the rendered content is blank.
WARNING: styles/compiled/@marketplace/Sprocket_Rocket/sr-theme-free/templates/SR Thank You 02.html rendered successfully, butdue to restrictions in rendering for a static environment, the rendered content is blank.
WARNING: styles/compiled/@marketplace/Sprocket_Rocket/sr-theme-free/templates/SR Thank You.html rendered successfully, butdue to restrictions in rendering for a static environment, the rendered content is blank.
WARNING: styles/compiled/@marketplace/Sprocket_Rocket/sr-theme-free/templates/Sprocket_Rocket_Thank_You.html rendered successfully, butdue to restrictions in rendering for a static environment, the rendered content is blank.
WARNING: styles/compiled/@marketplace/Juice_Tactics_Snacks/Thrifty/templates/system/membership-register.html rendered successfully, butdue to restrictions in rendering for a static environment, the rendered content is blank.
WARNING: styles/compiled/@marketplace/Juice_Tactics_Snacks/Thrifty/templates/system/search-results.html rendered successfully, butdue to restrictions in rendering for a static environment, the rendered content is blank.
WARNING: styles/compiled/@marketplace/Juice_Tactics_Snacks/Thrifty/templates/system/500.html rendered successfully, butdue to restrictions in rendering for a static environment, the rendered content is blank.
WARNING: styles/compiled/@marketplace/Juice_Tactics_Snacks/Thrifty/templates/system/backup-unsubscribe.html rendered successfully, butdue to restrictions in rendering for a static environment, the rendered content is blank.
WARNING: styles/compiled/@marketplace/Juice_Tactics_Snacks/Thrifty/templates/system/password-prompt.html rendered successfully, butdue to restrictions in rendering for a static environment, the rendered content is blank.
WARNING: styles/compiled/@marketplace/Juice_Tactics_Snacks/Thrifty/templates/system/membership-reset-password.html rendered successfully, butdue to restrictions in rendering for a static environment, the rendered content is blank.
WARNING: styles/compiled/@marketplace/Juice_Tactics_Snacks/Thrifty/templates/system/membership-login.html rendered successfully, butdue to restrictions in rendering for a static environment, the rendered content is blank.
WARNING: styles/compiled/@marketplace/Juice_Tactics_Snacks/Thrifty/templates/generic.html rendered successfully, butdue to restrictions in rendering for a static environment, the rendered content is blank.
WARNING: styles/compiled/@marketplace/Juice_Tactics_Snacks/Thrifty/templates/contact.html rendered successfully, butdue to restrictions in rendering for a static environment, the rendered content is blank.
WARNING: styles/compiled/@marketplace/Juice_Tactics_Snacks/Thrifty/templates/partials/footer-no-navigation.html rendered successfully, butdue to restrictions in rendering for a static environment, the rendered content is blank.
WARNING: styles/compiled/@marketplace/Juice_Tactics_Snacks/Thrifty/templates/partials/header.html rendered successfully, butdue to restrictions in rendering for a static environment, the rendered content is blank.
WARNING: styles/compiled/@marketplace/Juice_Tactics_Snacks/Thrifty/templates/partials/footer.html rendered successfully, butdue to restrictions in rendering for a static environment, the rendered content is blank.
WARNING: styles/compiled/@marketplace/Juice_Tactics_Snacks/Thrifty/templates/partials/header-no-navigation.html rendered successfully, butdue to restrictions in rendering for a static environment, the rendered content is blank.
WARNING: styles/compiled/@marketplace/Juice_Tactics_Snacks/Thrifty/templates/service-detail.html rendered successfully, butdue to restrictions in rendering for a static environment, the rendered content is blank.
WARNING: styles/compiled/@marketplace/Juice_Tactics_Snacks/Thrifty/templates/overview.html rendered successfully, butdue to restrictions in rendering for a static environment, the rendered content is blank.
WARNING: styles/compiled/@marketplace/Juice_Tactics_Snacks/Thrifty/templates/about.html rendered successfully, butdue to restrictions in rendering for a static environment, the rendered content is blank.
WARNING: styles/compiled/@marketplace/Juice_Tactics_Snacks/Thrifty/templates/book-a-meeting.html rendered successfully, butdue to restrictions in rendering for a static environment, the rendered content is blank.
WARNING: styles/compiled/@marketplace/Juice_Tactics_Snacks/Thrifty/templates/content-download.html rendered successfully, butdue to restrictions in rendering for a static environment, the rendered content is blank.
WARNING: styles/compiled/@marketplace/Juice_Tactics_Snacks/Thrifty/templates/layouts/base.html rendered successfully, butdue to restrictions in rendering for a static environment, the rendered content is blank.
WARNING: styles/compiled/@marketplace/Juice_Tactics_Snacks/Thrifty/templates/thank-you.html rendered successfully, butdue to restrictions in rendering for a static environment, the rendered content is blank.
WARNING: styles/compiled/@marketplace/Juice_Tactics_Snacks/Thrifty/templates/pricing.html rendered successfully, butdue to restrictions in rendering for a static environment, the rendered content is blank.
WARNING: styles/compiled/@marketplace/Juice_Tactics_Snacks/Thrifty/sections/multi-row-content.html rendered successfully, butdue to restrictions in rendering for a static environment, the rendered content is blank.
WARNING: styles/compiled/@marketplace/Juice_Tactics_Snacks/Thrifty/sections/multi-column-content.html rendered successfully, butdue to restrictions in rendering for a static environment, the rendered content is blank.
WARNING: styles/compiled/@marketplace/Juice_Tactics_Snacks/Thrifty/sections/cards.html rendered successfully, butdue to restrictions in rendering for a static environment, the rendered content is blank.
WARNING: styles/compiled/@marketplace/Juice_Tactics_Snacks/Thrifty/sections/pricing.html rendered successfully, butdue to restrictions in rendering for a static environment, the rendered content is blank.
ERROR: styles/compiled/@marketplace/Juice_Tactics_Snacks/Thrifty/css/tools/_macros.css could not berendered or exportedWARNING: styles/compiled/@marketplace/Juice_Tactics_Snacks/Thrifty/templates/system/membership-reset-password-request.html rendered successfully, butdue to restrictions in rendering for a static environment, the rendered content is blank.
WARNING: styles/compiled/@marketplace/Juice_Tactics_Snacks/Thrifty/templates/system/404.html rendered successfully, butdue to restrictions in rendering for a static environment, the rendered content is blank.
WARNING: styles/compiled/@marketplace/Juice_Tactics_Snacks/Thrifty/templates/privacy-policy.html rendered successfully, butdue to restrictions in rendering for a static environment, the rendered content is blank.
WARNING: styles/compiled/@marketplace/Juice_Tactics_Snacks/Thrifty/templates/services.html rendered successfully, butdue to restrictions in rendering for a static environment, the rendered content is blank.
WARNING: styles/compiled/@marketplace/Juice_Tactics_Snacks/Thrifty/templates/blog-post.html rendered successfully, butdue to restrictions in rendering for a static environment, the rendered content is blank.
WARNING: styles/compiled/@marketplace/Juice_Tactics_Snacks/Thrifty/templates/blog-index.html rendered successfully, butdue to restrictions in rendering for a static environment, the rendered content is blank.
WARNING: styles/compiled/@marketplace/Juice_Tactics_Snacks/Thrifty/templates/system/subscriptions-confirmation.html rendered successfully, butdue to restrictions in rendering for a static environment, the rendered content is blank.
WARNING: styles/compiled/@marketplace/Juice_Tactics_Snacks/Thrifty/templates/system/subscription-preferences.html rendered successfully, butdue to restrictions in rendering for a static environment, the rendered content is blank.
WARNING: styles/compiled/@marketplace/Juice_Tactics_Snacks/Thrifty/templates/pillar.html rendered successfully, butdue to restrictions in rendering for a static environment, the rendered content is blank.
WARNING: styles/compiled/@marketplace/Juice_Tactics_Snacks/Thrifty/templates/home.html rendered successfully, butdue to restrictions in rendering for a static environment, the rendered content is blank.
WARNING: styles/compiled/@marketplace/Juice_Tactics_Snacks/Thrifty/sections/call-to-action.html rendered successfully, butdue to restrictions in rendering for a static environment, the rendered content is blank.
WARNING: styles/compiled/@marketplace/Juice_Tactics_Snacks/Thrifty/sections/hero-banner.html rendered successfully, butdue to restrictions in rendering for a static environment, the rendered content is blank.
WARNING: styles/compiled/sr/templates/modules-list.html rendered successfully, butdue to restrictions in rendering for a static environment, the rendered content is blank.
WARNING: styles/compiled/sr/templates/dnd_page.html rendered successfully, butdue to restrictions in rendering for a static environment, the rendered content is blank.
WARNING: styles/compiled/sr/templates/macros.html rendered successfully, butdue to restrictions in rendering for a static environment, the rendered content is blank.
WARNING: styles/compiled/sr/templates/footer-includes.html rendered successfully, butdue to restrictions in rendering for a static environment, the rendered content is blank.
WARNING: styles/compiled/sr/templates/header.html rendered successfully, butdue to restrictions in rendering for a static environment, the rendered content is blank.
WARNING: styles/compiled/sr/templates/partials/site_footer.html rendered successfully, butdue to restrictions in rendering for a static environment, the rendered content is blank.
WARNING: styles/compiled/sr/templates/partials/site_header.html rendered successfully, butdue to restrictions in rendering for a static environment, the rendered content is blank.
ERROR: styles/compiled/sr/css/_fonts.css could not berendered or exportedERROR: styles/compiled/sr/css/custom-styles.css could not berendered or exportedWARNING: styles/compiled/@marketplace/FastestThemes/Dark_free_Theme/sections/feature.html rendered successfully, butdue to restrictions in rendering for a static environment, the rendered content is blank.
WARNING: styles/compiled/@marketplace/FastestThemes/Dark_free_Theme/sections/plans.html rendered successfully, butdue to restrictions in rendering for a static environment, the rendered content is blank.
